<?xml version="1.0" encoding="UTF-8"?>
<testng-results ignored="0" total="3" passed="3" failed="0" skipped="0">
  <reporter-output>
  </reporter-output>
  <suite started-at="2020-07-06T16:16:31 IST" name="Suite" finished-at="2020-07-06T16:16:49 IST" duration-ms="18472">
    <groups>
    </groups>
    <test started-at="2020-07-06T16:16:31 IST" name="Test Homepage" finished-at="2020-07-06T16:16:49 IST" duration-ms="18349">
      <class name="Academy.HomepageTest">
        <test-method is-config="true" signature="Initialize()[pri:0, instance:Academy.HomepageTest@6df37f7a]" started-at="2020-07-06T16:16:31 IST" name="Initialize" finished-at="2020-07-06T16:16:37 IST" duration-ms="6283" status="PASS">
          <reporter-output>
          </reporter-output>
        </test-method> <!-- Initialize -->
        <test-method signature="HomeLogin(java.lang.String, java.lang.String)[pri:0, instance:Academy.HomepageTest@6df37f7a]" started-at="2020-07-06T16:16:37 IST" name="HomeLogin" data-provider="getData" finished-at="2020-07-06T16:16:46 IST" duration-ms="9542" status="PASS">
          <params>
            <param index="0">
              <value>
                <![CDATA[hello@gmail.com]]>
              </value>
            </param>
            <param index="1">
              <value>
                <![CDATA[sendkeyseverywhere]]>
              </value>
            </param>
          </params>
          <reporter-output>
          </reporter-output>
        </test-method> <!-- HomeLogin -->
        <test-method signature="HomeLogin(java.lang.String, java.lang.String)[pri:0, instance:Academy.HomepageTest@6df37f7a]" started-at="2020-07-06T16:16:46 IST" name="HomeLogin" data-provider="getData" finished-at="2020-07-06T16:16:49 IST" duration-ms="2373" status="PASS">
          <params>
            <param index="0">
              <value>
                <![CDATA[why@gmail.com]]>
              </value>
            </param>
            <param index="1">
              <value>
                <![CDATA[nonnfgfseverywhere]]>
              </value>
            </param>
          </params>
          <reporter-output>
          </reporter-output>
        </test-method> <!-- HomeLogin -->
        <test-method is-config="true" signature="TearDown()[pri:0, instance:Academy.HomepageTest@6df37f7a]" started-at="2020-07-06T16:16:49 IST" name="TearDown" finished-at="2020-07-06T16:16:49 IST" duration-ms="76" status="PASS">
          <reporter-output>
          </reporter-output>
        </test-method> <!-- TearDown -->
      </class> <!-- Academy.HomepageTest -->
    </test> <!-- Test Homepage -->
    <test started-at="2020-07-06T16:16:31 IST" name="Test Navigation" finished-at="2020-07-06T16:16:49 IST" duration-ms="18472">
      <class name="Academy.NavigationBarTest">
        <test-method is-config="true" signature="Initialize()[pri:0, instance:Academy.NavigationBarTest@15914bb5]" started-at="2020-07-06T16:16:31 IST" name="Initialize" finished-at="2020-07-06T16:16:44 IST" duration-ms="13257" status="PASS">
          <reporter-output>
          </reporter-output>
        </test-method> <!-- Initialize -->
        <test-method signature="basePageNavigation()[pri:0, instance:Academy.NavigationBarTest@15914bb5]" started-at="2020-07-06T16:16:44 IST" name="basePageNavigation" finished-at="2020-07-06T16:16:44 IST" duration-ms="400" status="PASS">
          <reporter-output>
          </reporter-output>
        </test-method> <!-- basePageNavigation -->
        <test-method is-config="true" signature="TearDown()[pri:0, instance:Academy.NavigationBarTest@15914bb5]" started-at="2020-07-06T16:16:44 IST" name="TearDown" finished-at="2020-07-06T16:16:49 IST" duration-ms="4799" status="PASS">
          <reporter-output>
          </reporter-output>
        </test-method> <!-- TearDown -->
      </class> <!-- Academy.NavigationBarTest -->
    </test> <!-- Test Navigation -->
  </suite> <!-- Suite -->
</testng-results>
