-------------------------------------------------------------------------------
Test set: TestSuite
-------------------------------------------------------------------------------
Tests run: 4, Failures: 1, Errors: 0, Skipped: 0, Time elapsed: 20.925 s <<< FAILURE! - in TestSuite
Academy.ValidateTitleTest.ValidateTitle  Time elapsed: 0.354 s  <<< FAILURE!
java.lang.AssertionError: expected [FEATUR COURSES] but found [FEATURED COURSES]
	at Academy.ValidateTitleTest.ValidateTitle(ValidateTitleTest.java:35)

