<?xml version="1.0" encoding="UTF-8"?>
<!-- Generated by org.testng.reporters.JUnitXMLReporter -->
<testsuite ignored="0" hostname="LAPTOP-JS5I301N" failures="0" tests="3" name="Test" time="18.935" errors="0" timestamp="2020-07-03T00:28:40 IST">
  <testcase classname="Academy.HomepageTest" name="basePageNavigation" time="4.531"/>
  <testcase classname="Academy.HomepageTest" name="basePageNavigation" time="3.057"/>
  <testcase classname="Academy.NavigationBarTest" name="basePageNavigation" time="0.098"/>
</testsuite> <!-- Test -->
