<?xml version="1.0" encoding="UTF-8"?>
<testng-results ignored="0" total="2" passed="2" failed="0" skipped="0">
  <reporter-output>
  </reporter-output>
  <suite started-at="2020-07-19T01:23:35 IST" name="Default suite" finished-at="2020-07-19T01:23:45 IST" duration-ms="10151">
    <groups>
    </groups>
    <test started-at="2020-07-19T01:23:35 IST" name="Default test" finished-at="2020-07-19T01:23:45 IST" duration-ms="10151">
      <class name="Academy.HomepageTest">
        <test-method is-config="true" signature="Initialize()[pri:0, instance:Academy.HomepageTest@36546a22]" started-at="2020-07-19T01:23:35 IST" name="Initialize" finished-at="2020-07-19T01:23:39 IST" duration-ms="3803" status="PASS">
          <reporter-output>
          </reporter-output>
        </test-method> <!-- Initialize -->
        <test-method signature="HomeLogin(java.lang.String, java.lang.String)[pri:0, instance:Academy.HomepageTest@36546a22]" started-at="2020-07-19T01:23:39 IST" name="HomeLogin" data-provider="getData" finished-at="2020-07-19T01:23:43 IST" duration-ms="4373" status="PASS">
          <params>
            <param index="0">
              <value>
                <![CDATA[hello@gmail.com]]>
              </value>
            </param>
            <param index="1">
              <value>
                <![CDATA[sendkeyseverywhere]]>
              </value>
            </param>
          </params>
          <reporter-output>
          </reporter-output>
        </test-method> <!-- HomeLogin -->
        <test-method signature="HomeLogin(java.lang.String, java.lang.String)[pri:0, instance:Academy.HomepageTest@36546a22]" started-at="2020-07-19T01:23:43 IST" name="HomeLogin" data-provider="getData" finished-at="2020-07-19T01:23:45 IST" duration-ms="1820" status="PASS">
          <params>
            <param index="0">
              <value>
                <![CDATA[why@gmail.com]]>
              </value>
            </param>
            <param index="1">
              <value>
                <![CDATA[nonnfgfseverywhere]]>
              </value>
            </param>
          </params>
          <reporter-output>
          </reporter-output>
        </test-method> <!-- HomeLogin -->
        <test-method is-config="true" signature="TearDown()[pri:0, instance:Academy.HomepageTest@36546a22]" started-at="2020-07-19T01:23:45 IST" name="TearDown" finished-at="2020-07-19T01:23:45 IST" duration-ms="108" status="PASS">
          <reporter-output>
          </reporter-output>
        </test-method> <!-- TearDown -->
      </class> <!-- Academy.HomepageTest -->
    </test> <!-- Default test -->
  </suite> <!-- Default suite -->
</testng-results>
