<?xml version="1.0" encoding="UTF-8"?>
<!-- Generated by org.testng.reporters.JUnitXMLReporter -->
<testsuite ignored="1" hostname="LAPTOP-JS5I301N" failures="0" tests="2" name="Test Homepage" time="0.071" errors="0" timestamp="2020-07-13T02:06:49 IST">
  <testcase classname="Academy.NavigationBarTest" name="Demo1" time="0.013"/>
  <testcase classname="Academy.NavigationBarTest" name="Demo2" time="0.002"/>
  <testcase classname="Academy.HomepageTest" name="HomeLogin" time="0.0">
    <ignored/>
  </testcase> <!-- HomeLogin -->
</testsuite> <!-- Test Homepage -->
