<?xml version="1.0" encoding="UTF-8"?>
<!-- Generated by org.testng.reporters.JUnitXMLReporter -->
<testsuite ignored="0" hostname="LAPTOP-JS5I301N" failures="1" tests="1" name="Test Validate" time="17.414" errors="0" timestamp="2020-07-06T01:27:38 IST">
  <testcase classname="Academy.ValidateTitleTest" name="ValidateTitle" time="0.292">
    <failure type="java.lang.AssertionError" message="expected [FEATUR COURSES] but found [FEATURED COURSES]">
      <![CDATA[java.lang.AssertionError: expected [FEATUR COURSES] but found [FEATURED COURSES]
at Academy.ValidateTitleTest.ValidateTitle(ValidateTitleTest.java:35)
at java.base/java.util.ArrayList.forEach(ArrayList.java:1540)
at java.base/java.util.concurrent.FutureTask.run(FutureTask.java:264)
at java.base/java.util.concurrent.ThreadPoolExecutor.runWorker(ThreadPoolExecutor.java:1128)
at java.base/java.util.concurrent.ThreadPoolExecutor$Worker.run(ThreadPoolExecutor.java:628)
at java.base/java.lang.Thread.run(Thread.java:834)
... Removed 23 stack frames]]>
    </failure>
  </testcase> <!-- ValidateTitle -->
</testsuite> <!-- Test Validate -->
