<?xml version="1.0" encoding="UTF-8"?>
<!-- Generated by org.testng.reporters.JUnitXMLReporter -->
<testsuite ignored="0" hostname="LAPTOP-JS5I301N" failures="0" tests="3" name="Test" time="17.249" errors="0" timestamp="2020-07-03T15:22:22 IST">
  <testcase classname="Academy.HomepageTest" name="basePageNavigation" time="3.716"/>
  <testcase classname="Academy.HomepageTest" name="basePageNavigation" time="2.133"/>
  <testcase classname="Academy.NavigationBarTest" name="basePageNavigation" time="0.08"/>
</testsuite> <!-- Test -->
